
/home/runner/work/exp-parity-checker-iitkgp/exp-parity-checker-iitkgp/experiment/license/view.js
  1:246  warning  Unnecessary semicolon  no-extra-semi

/home/runner/work/exp-parity-checker-iitkgp/exp-parity-checker-iitkgp/experiment/simulation/js/FileSaver.js
   15:42  warning  'global' is not defined  no-undef
   15:60  warning  'global' is not defined  no-undef
   16:5   warning  'global' is not defined  no-undef
   53:15  warning  Empty block statement    no-empty
  171:3   warning  'module' is not defined  no-undef

/home/runner/work/exp-parity-checker-iitkgp/exp-parity-checker-iitkgp/experiment/simulation/js/adimthts.js
   9:1   warning  '$' is not defined     no-undef
  10:3   warning  '$' is not defined     no-undef
  12:1   warning  Mixed spaces and tabs  no-mixed-spaces-and-tabs
  12:4   warning  '$' is not defined     no-undef
  15:5   warning  '$' is not defined     no-undef
  15:21  warning  'fn' is not defined    no-undef
  18:3   warning  '$' is not defined     no-undef
  20:1   warning  Mixed spaces and tabs  no-mixed-spaces-and-tabs
  20:4   warning  '$' is not defined     no-undef
  23:5   warning  '$' is not defined     no-undef
  23:20  warning  'fn' is not defined    no-undef

/home/runner/work/exp-parity-checker-iitkgp/exp-parity-checker-iitkgp/experiment/simulation/js/canvas.js
    15:1    warning  'available_id' is not defined          no-undef
    16:1    warning  'init_x' is not defined                no-undef
    17:1    warning  'init_y' is not defined                no-undef
    18:1    warning  'bit_r' is not defined                 no-undef
    19:1    warning  'dot_width' is not defined             no-undef
    20:1    warning  'dot_height' is not defined            no-undef
    21:1    warning  'dot_gap' is not defined               no-undef
    22:1    warning  'dot_color' is not defined             no-undef
    23:1    warning  'pin_width' is not defined             no-undef
    24:1    warning  'pin_height' is not defined            no-undef
    25:1    warning  'pin_color' is not defined             no-undef
    26:1    warning  'conn_width' is not defined            no-undef
    27:1    warning  'conn_color' is not defined            no-undef
    28:1    warning  'chip_padding' is not defined          no-undef
    29:1    warning  'chip_color' is not defined            no-undef
    30:1    warning  'labelColor' is not defined            no-undef
    31:1    warning  'start_x' is not defined               no-undef
    32:1    warning  'start_y' is not defined               no-undef
    33:1    warning  'is_dragging' is not defined           no-undef
    34:1    warning  'is_connecting' is not defined         no-undef
    35:1    warning  'dragging_chip' is not defined         no-undef
    36:1    warning  'dragging_component' is not defined    no-undef
    37:1    warning  'dragging_bit' is not defined          no-undef
    38:1    warning  'dragging_clock' is not defined        no-undef
    39:1    warning  'clock_running' is not defined         no-undef
    40:1    warning  'stop_simulation_flag' is not defined  no-undef
    41:1    warning  'drag_chip_index' is not defined       no-undef
    42:1    warning  'drag_comp_index' is not defined       no-undef
    43:1    warning  'drag_clock_index' is not defined      no-undef
    44:1    warning  'sel_bit_index' is not defined         no-undef
    45:1    warning  'nr_dot' is not defined                no-undef
    46:1    warning  'start_dot' is not defined             no-undef
    47:1    warning  'end_dot' is not defined               no-undef
    48:1    warning  'star_spikes' is not defined           no-undef
    49:1    warning  'star_outerRadius' is not defined      no-undef
    50:1    warning  'star_innerRadius' is not defined      no-undef
    51:1    warning  'l_jumper' is not defined              no-undef
    52:1    warning  'r_jumper' is not defined              no-undef
    53:1    warning  'high_clock' is not defined            no-undef
    54:1    warning  'low_clock' is not defined             no-undef
    69:26   warning  'star_spikes' is not defined           no-undef
    71:25   warning  'star_outerRadius' is not defined      no-undef
    72:25   warning  'star_spikes' is not defined           no-undef
    73:34   warning  'star_outerRadius' is not defined      no-undef
    74:34   warning  'star_outerRadius' is not defined      no-undef
    77:34   warning  'star_innerRadius' is not defined      no-undef
    78:34   warning  'star_innerRadius' is not defined      no-undef
    82:25   warning  'star_outerRadius' is not defined      no-undef
    91:32   warning  'dot_gap' is not defined               no-undef
    91:43   warning  'dot_gap' is not defined               no-undef
    93:21   warning  'dot_gap' is not defined               no-undef
    95:16   warning  'dot_gap' is not defined               no-undef
    98:27   warning  'dot_gap' is not defined               no-undef
   101:32   warning  'dot_gap' is not defined               no-undef
   101:43   warning  'dot_gap' is not defined               no-undef
   102:21   warning  'dot_gap' is not defined               no-undef
   105:27   warning  'dot_gap' is not defined               no-undef
   123:22   warning  'dot_gap' is not defined               no-undef
   123:49   warning  'dot_gap' is not defined               no-undef
   123:63   warning  'dot_gap' is not defined               no-undef
   124:26   warning  'dot_gap' is not defined               no-undef
   124:53   warning  'dot_gap' is not defined               no-undef
   124:67   warning  'dot_gap' is not defined               no-undef
   125:40   warning  'dot_width' is not defined             no-undef
   125:61   warning  'dot_height' is not defined            no-undef
   125:78   warning  'dot_width' is not defined             no-undef
   125:89   warning  'dot_height' is not defined            no-undef
   125:101  warning  'dot_color' is not defined             no-undef
   157:31   warning  'bit_r' is not defined                 no-undef
   157:39   warning  'bit_r' is not defined                 no-undef
   166:33   warning  'bit_r' is not defined                 no-undef
   177:40   warning  'bit_r' is not defined                 no-undef
   177:60   warning  'bit_r' is not defined                 no-undef
   214:33   warning  'bit_r' is not defined                 no-undef
   249:18   warning  'pin_width' is not defined             no-undef
   250:18   warning  'pin_height' is not defined            no-undef
   251:22   warning  'pin_color' is not defined             no-undef
   283:30   warning  'dot_gap' is not defined               no-undef
   283:54   warning  'dot_gap' is not defined               no-undef
   284:30   warning  'dot_gap' is not defined               no-undef
   284:54   warning  'dot_gap' is not defined               no-undef
   311:29   warning  'dot_width' is not defined             no-undef
   312:30   warning  'dot_height' is not defined            no-undef
   312:48   warning  'chip_padding' is not defined          no-undef
   313:23   warning  'dot_gap' is not defined               no-undef
   313:34   warning  'dot_width' is not defined             no-undef
   316:22   warning  'pin_height' is not defined            no-undef
   316:40   warning  'chip_padding' is not defined          no-undef
   318:23   warning  'dot_gap' is not defined               no-undef
   318:55   warning  'chip_padding' is not defined          no-undef
   318:71   warning  'pin_height' is not defined            no-undef
   323:22   warning  'chip_color' is not defined            no-undef
   325:30   warning  'pin_width' is not defined             no-undef
   326:30   warning  'chip_padding' is not defined          no-undef
   334:22   warning  'dot_gap' is not defined               no-undef
   338:26   warning  'chip_padding' is not defined          no-undef
   339:18   warning  'i' is already defined                 no-redeclare
   340:17   warning  'pin' is already defined               no-redeclare
   345:22   warning  'dot_gap' is not defined               no-undef
   357:25   warning  'labelColor' is not defined            no-undef
   462:25   warning  'conn_width' is not defined            no-undef
   463:27   warning  'conn_color' is not defined            no-undef
   478:14   warning  'dot_gap' is not defined               no-undef
   491:40   warning  'dot_gap' is not defined               no-undef
   493:39   warning  'dot_gap' is not defined               no-undef
   495:37   warning  'dot_gap' is not defined               no-undef
   497:55   warning  'dot_gap' is not defined               no-undef
   499:54   warning  'dot_gap' is not defined               no-undef
   501:53   warning  'dot_gap' is not defined               no-undef
   503:37   warning  'dot_gap' is not defined               no-undef
   505:55   warning  'dot_gap' is not defined               no-undef
   532:25   warning  'conn_width' is not defined            no-undef
   533:27   warning  'conn_color' is not defined            no-undef
   650:31   warning  'available_id' is not defined          no-undef
   654:9    warning  'available_id' is not defined          no-undef
   654:24   warning  'available_id' is not defined          no-undef
   670:18   warning  'available_id' is not defined          no-undef
   671:9    warning  'available_id' is not defined          no-undef
   671:24   warning  'available_id' is not defined          no-undef
   716:39   warning  'dot_width' is not defined             no-undef
   718:40   warning  'dot_height' is not defined            no-undef
   734:25   warning  'left' is already defined              no-redeclare
   735:25   warning  'right' is already defined             no-redeclare
   735:41   warning  'pin_width' is not defined             no-undef
   736:25   warning  'top' is already defined               no-redeclare
   737:25   warning  'bottom' is already defined            no-redeclare
   737:42   warning  'pin_height' is not defined            no-undef
   749:29   warning  'left' is already defined              no-redeclare
   750:29   warning  'right' is already defined             no-redeclare
   750:45   warning  'pin_width' is not defined             no-undef
   751:29   warning  'top' is already defined               no-redeclare
   752:29   warning  'bottom' is already defined            no-redeclare
   752:46   warning  'pin_height' is not defined            no-undef
   767:25   warning  'left' is already defined              no-redeclare
   768:25   warning  'right' is already defined             no-redeclare
   768:41   warning  'pin_width' is not defined             no-undef
   769:25   warning  'top' is already defined               no-redeclare
   770:25   warning  'bottom' is already defined            no-redeclare
   770:42   warning  'pin_height' is not defined            no-undef
   780:29   warning  'left' is already defined              no-redeclare
   781:29   warning  'right' is already defined             no-redeclare
   781:45   warning  'pin_width' is not defined             no-undef
   782:29   warning  'top' is already defined               no-redeclare
   783:29   warning  'bottom' is already defined            no-redeclare
   783:46   warning  'pin_height' is not defined            no-undef
   831:20   warning  'dot_gap' is not defined               no-undef
   845:24   warning  'dot_gap' is not defined               no-undef
   898:19   warning  'available_id' is not defined          no-undef
   899:9    warning  'available_id' is not defined          no-undef
   899:24   warning  'available_id' is not defined          no-undef
   912:21   warning  'available_id' is not defined          no-undef
   913:9    warning  'available_id' is not defined          no-undef
   913:24   warning  'available_id' is not defined          no-undef
   949:32   warning  'dot_gap' is not defined               no-undef
   950:32   warning  'dot_gap' is not defined               no-undef
   951:32   warning  'dot_gap' is not defined               no-undef
   952:32   warning  'dot_gap' is not defined               no-undef
   960:17   warning  'drag_clock_index' is not defined      no-undef
   976:17   warning  'drag_chip_index' is not defined       no-undef
   992:17   warning  'drag_comp_index' is not defined       no-undef
  1001:33   warning  'dot_width' is not defined             no-undef
  1002:33   warning  'dot_height' is not defined            no-undef
  1004:28   warning  'dot_gap' is not defined               no-undef
  1006:29   warning  'dot_gap' is not defined               no-undef
  1008:13   warning  'nr_dot' is not defined                no-undef
  1009:13   warning  'nr_dot' is not defined                no-undef
  1010:13   warning  'is_connecting' is not defined         no-undef
  1026:39   warning  'dot_width' is not defined             no-undef
  1027:37   warning  'dot_width' is not defined             no-undef
  1028:39   warning  'dot_width' is not defined             no-undef
  1029:39   warning  'dot_width' is not defined             no-undef
  1031:39   warning  'dot_width' is not defined             no-undef
  1032:39   warning  'dot_width' is not defined             no-undef
  1033:39   warning  'dot_width' is not defined             no-undef
  1034:37   warning  'dot_width' is not defined             no-undef
  1059:17   warning  'sel_bit_index' is not defined         no-undef
  1068:40   warning  'sel_bit_index' is not defined         no-undef
  1069:13   warning  'sel_bit_index' is not defined         no-undef
  1069:46   warning  'sel_bit_index' is not defined         no-undef
  1070:23   warning  'sel_bit_index' is not defined         no-undef
  1071:13   warning  'sel_bit_index' is not defined         no-undef
  1076:33   warning  'drag_chip_index' is not defined       no-undef
  1077:33   warning  'drag_chip_index' is not defined       no-undef
  1078:20   warning  'drag_chip_index' is not defined       no-undef
  1079:20   warning  'drag_chip_index' is not defined       no-undef
  1080:39   warning  'drag_chip_index' is not defined       no-undef
  1084:40   warning  'drag_chip_index' is not defined       no-undef
  1092:38   warning  'drag_comp_index' is not defined       no-undef
  1093:38   warning  'drag_comp_index' is not defined       no-undef
  1094:25   warning  'drag_comp_index' is not defined       no-undef
  1095:25   warning  'drag_comp_index' is not defined       no-undef
  1096:41   warning  'drag_comp_index' is not defined       no-undef
  1104:34   warning  'drag_clock_index' is not defined      no-undef
  1105:34   warning  'drag_clock_index' is not defined      no-undef
  1106:21   warning  'drag_clock_index' is not defined      no-undef
  1107:21   warning  'drag_clock_index' is not defined      no-undef
  1112:32   warning  'sel_bit_index' is not defined         no-undef
  1113:32   warning  'sel_bit_index' is not defined         no-undef
  1114:19   warning  'sel_bit_index' is not defined         no-undef
  1115:19   warning  'sel_bit_index' is not defined         no-undef
  1129:18   warning  'i' is already defined                 no-redeclare
  1214:25   warning  'eval_flag' is already defined         no-redeclare
  1260:35   warning  'stop_simulation_flag' is not defined  no-undef
  1294:9    warning  'saveAs' is not defined                no-undef
  1414:29   warning  'dot_width' is not defined             no-undef
  1415:30   warning  'dot_height' is not defined            no-undef
  1415:48   warning  'chip_padding' is not defined          no-undef
  1416:23   warning  'dot_gap' is not defined               no-undef
  1416:34   warning  'dot_width' is not defined             no-undef
  1420:22   warning  'pin_height' is not defined            no-undef
  1420:40   warning  'chip_padding' is not defined          no-undef
  1422:23   warning  'dot_gap' is not defined               no-undef
  1422:57   warning  'chip_padding' is not defined          no-undef
  1422:73   warning  'pin_height' is not defined            no-undef
  1425:22   warning  'chip_color' is not defined            no-undef
  1427:30   warning  'pin_width' is not defined             no-undef
  1428:30   warning  'chip_padding' is not defined          no-undef
  1443:22   warning  'dot_gap' is not defined               no-undef
  1447:26   warning  'chip_padding' is not defined          no-undef
  1448:18   warning  'i' is already defined                 no-redeclare
  1449:17   warning  'pin' is already defined               no-redeclare
  1461:22   warning  'dot_gap' is not defined               no-undef
  1473:25   warning  'labelColor' is not defined            no-undef
  1525:36   warning  'is_connecting' is not defined         no-undef
  1532:10   warning  'is_dragging' is not defined           no-undef
  1534:9    warning  'start_x' is not defined               no-undef
  1535:9    warning  'start_y' is not defined               no-undef
  1536:9    warning  'dragging_chip' is not defined         no-undef
  1537:9    warning  'is_dragging' is not defined           no-undef
  1538:17   warning  'is_dragging' is not defined           no-undef
  1540:9    warning  'start_x' is not defined               no-undef
  1541:9    warning  'start_y' is not defined               no-undef
  1542:9    warning  'dragging_component' is not defined    no-undef
  1543:9    warning  'is_dragging' is not defined           no-undef
  1544:17   warning  'is_dragging' is not defined           no-undef
  1546:9    warning  'start_x' is not defined               no-undef
  1547:9    warning  'start_y' is not defined               no-undef
  1548:9    warning  'dragging_bit' is not defined          no-undef
  1549:9    warning  'is_dragging' is not defined           no-undef
  1550:17   warning  'is_dragging' is not defined           no-undef
  1552:9    warning  'start_x' is not defined               no-undef
  1553:9    warning  'start_y' is not defined               no-undef
  1554:9    warning  'dragging_clock' is not defined        no-undef
  1555:9    warning  'is_dragging' is not defined           no-undef
  1556:17   warning  'is_connecting' is not defined         no-undef
  1558:9    warning  'start_dot' is not defined             no-undef
  1558:23   warning  'nr_dot' is not defined                no-undef
  1559:9    warning  'start_dot' is not defined             no-undef
  1559:23   warning  'nr_dot' is not defined                no-undef
  1560:9    warning  'is_connecting' is not defined         no-undef
  1562:13   warning  'l_jumper' is not defined              no-undef
  1564:13   warning  'r_jumper' is not defined              no-undef
  1567:5    warning  'nr_dot' is not defined                no-undef
  1568:36   warning  'is_connecting' is not defined         no-undef
  1568:66   warning  'l_jumper' is not defined              no-undef
  1568:92   warning  'r_jumper' is not defined              no-undef
  1571:36   warning  'is_connecting' is not defined         no-undef
  1571:69   warning  'is_dragging' is not defined           no-undef
  1572:10   warning  'is_dragging' is not defined           no-undef
  1572:26   warning  'is_connecting' is not defined         no-undef
  1576:9    warning  'is_dragging' is not defined           no-undef
  1576:24   warning  'dragging_chip' is not defined         no-undef
  1577:26   warning  'drag_chip_index' is not defined       no-undef
  1578:26   warning  'drag_chip_index' is not defined       no-undef
  1581:18   warning  'drag_chip_index' is not defined       no-undef
  1581:50   warning  'dot_width' is not defined             no-undef
  1582:18   warning  'drag_chip_index' is not defined       no-undef
  1582:51   warning  'dot_height' is not defined            no-undef
  1582:69   warning  'chip_padding' is not defined          no-undef
  1583:27   warning  'drag_chip_index' is not defined       no-undef
  1584:27   warning  'drag_chip_index' is not defined       no-undef
  1585:37   warning  'drag_chip_index' is not defined       no-undef
  1590:38   warning  'drag_chip_index' is not defined       no-undef
  1595:16   warning  'is_dragging' is not defined           no-undef
  1595:31   warning  'dragging_component' is not defined    no-undef
  1596:40   warning  'is_dragging' is not defined           no-undef
  1596:80   warning  'dragging_component' is not defined    no-undef
  1597:13   warning  'x' is already defined                 no-redeclare
  1597:31   warning  'drag_comp_index' is not defined       no-undef
  1598:13   warning  'y' is already defined                 no-redeclare
  1598:31   warning  'drag_comp_index' is not defined       no-undef
  1599:13   warning  'nr_pt' is already defined             no-redeclare
  1600:23   warning  'drag_comp_index' is not defined       no-undef
  1600:55   warning  'dot_width' is not defined             no-undef
  1601:23   warning  'drag_comp_index' is not defined       no-undef
  1601:56   warning  'dot_height' is not defined            no-undef
  1601:74   warning  'chip_padding' is not defined          no-undef
  1602:13   warning  'dx' is already defined                no-redeclare
  1602:32   warning  'drag_comp_index' is not defined       no-undef
  1603:13   warning  'dy' is already defined                no-redeclare
  1603:32   warning  'drag_comp_index' is not defined       no-undef
  1604:39   warning  'drag_comp_index' is not defined       no-undef
  1609:16   warning  'is_dragging' is not defined           no-undef
  1609:31   warning  'dragging_bit' is not defined          no-undef
  1610:13   warning  'x' is already defined                 no-redeclare
  1610:25   warning  'sel_bit_index' is not defined         no-undef
  1611:13   warning  'y' is already defined                 no-redeclare
  1611:25   warning  'sel_bit_index' is not defined         no-undef
  1613:13   warning  'nr_pt' is already defined             no-redeclare
  1614:17   warning  'sel_bit_index' is not defined         no-undef
  1615:17   warning  'sel_bit_index' is not defined         no-undef
  1617:16   warning  'is_dragging' is not defined           no-undef
  1617:31   warning  'dragging_clock' is not defined        no-undef
  1618:13   warning  'x' is already defined                 no-redeclare
  1618:27   warning  'drag_clock_index' is not defined      no-undef
  1619:13   warning  'y' is already defined                 no-redeclare
  1619:27   warning  'drag_clock_index' is not defined      no-undef
  1621:13   warning  'nr_pt' is already defined             no-redeclare
  1622:19   warning  'drag_clock_index' is not defined      no-undef
  1623:19   warning  'drag_clock_index' is not defined      no-undef
  1625:16   warning  'is_connecting' is not defined         no-undef
  1631:52   warning  'nr_dot' is not defined                no-undef
  1631:65   warning  'start_dot' is not defined             no-undef
  1631:80   warning  'nr_dot' is not defined                no-undef
  1631:93   warning  'start_dot' is not defined             no-undef
  1632:22   warning  'nr_dot' is not defined                no-undef
  1632:35   warning  'start_dot' is not defined             no-undef
  1632:50   warning  'nr_dot' is not defined                no-undef
  1632:63   warning  'start_dot' is not defined             no-undef
  1632:80   warning  'nr_dot' is not defined                no-undef
  1632:93   warning  'start_dot' is not defined             no-undef
  1632:108  warning  'nr_dot' is not defined                no-undef
  1632:121  warning  'start_dot' is not defined             no-undef
  1635:24   warning  'nr_dot' is not defined                no-undef
  1636:24   warning  'nr_dot' is not defined                no-undef
  1637:18   warning  'l_jumper' is not defined              no-undef
  1637:30   warning  'r_jumper' is not defined              no-undef
  1637:44   warning  'start_dot' is not defined             no-undef
  1637:81   warning  'start_dot' is not defined             no-undef
  1637:113  warning  'dot_gap' is not defined               no-undef
  1638:21   warning  'start_dot' is not defined             no-undef
  1640:27   warning  'start_dot' is not defined             no-undef
  1641:21   warning  'start_dot' is not defined             no-undef
  1645:21   warning  'l_jumper' is not defined              no-undef
  1646:41   warning  'start_dot' is not defined             no-undef
  1646:54   warning  'start_dot' is not defined             no-undef
  1648:41   warning  'start_dot' is not defined             no-undef
  1648:54   warning  'start_dot' is not defined             no-undef
  1654:25   warning  'l_jumper' is not defined              no-undef
  1654:37   warning  'r_jumper' is not defined              no-undef
  1654:51   warning  'start_dot' is not defined             no-undef
  1654:88   warning  'start_dot' is not defined             no-undef
  1654:120  warning  'dot_gap' is not defined               no-undef
  1655:21   warning  'start_dot' is not defined             no-undef
  1656:25   warning  'tmp' is already defined               no-redeclare
  1657:27   warning  'start_dot' is not defined             no-undef
  1658:21   warning  'start_dot' is not defined             no-undef
  1661:21   warning  'jumper' is already defined            no-redeclare
  1662:21   warning  'l_jumper' is not defined              no-undef
  1663:41   warning  'start_dot' is not defined             no-undef
  1663:54   warning  'start_dot' is not defined             no-undef
  1665:41   warning  'start_dot' is not defined             no-undef
  1665:54   warning  'start_dot' is not defined             no-undef
  1669:21   warning  'flag' is already defined              no-redeclare
  1672:50   warning  'start_dot' is not defined             no-undef
  1675:29   warning  'tmp' is already defined               no-redeclare
  1681:29   warning  'tmp' is already defined               no-redeclare
  1691:21   warning  'flag' is already defined              no-redeclare
  1697:5    warning  'l_jumper' is not defined              no-undef
  1698:5    warning  'r_jumper' is not defined              no-undef
  1699:5    warning  'is_dragging' is not defined           no-undef
  1700:5    warning  'dragging_chip' is not defined         no-undef
  1701:5    warning  'dragging_component' is not defined    no-undef
  1702:5    warning  'dragging_clock' is not defined        no-undef
  1703:5    warning  'dragging_bit' is not defined          no-undef
  1704:5    warning  'drag_chip_index' is not defined       no-undef
  1705:5    warning  'drag_comp_index' is not defined       no-undef
  1706:5    warning  'drag_clock_index' is not defined      no-undef
  1707:5    warning  'sel_bit_index' is not defined         no-undef
  1708:5    warning  'start_x' is not defined               no-undef
  1709:5    warning  'start_y' is not defined               no-undef
  1710:5    warning  'start_dot' is not defined             no-undef
  1711:5    warning  'nr_dot' is not defined                no-undef
  1712:5    warning  'is_connecting' is not defined         no-undef
  1713:36   warning  'is_connecting' is not defined         no-undef
  1716:10   warning  'is_dragging' is not defined           no-undef
  1716:26   warning  'is_connecting' is not defined         no-undef
  1720:5    warning  'start_x' is not defined               no-undef
  1721:5    warning  'start_y' is not defined               no-undef
  1722:5    warning  'start_dot' is not defined             no-undef
  1723:5    warning  'nr_dot' is not defined                no-undef
  1724:5    warning  'is_connecting' is not defined         no-undef
  1725:5    warning  'is_dragging' is not defined           no-undef
  1726:5    warning  'is_connecting' is not defined         no-undef
  1727:5    warning  'dragging_chip' is not defined         no-undef
  1728:5    warning  'dragging_bit' is not defined          no-undef
  1731:10   warning  'is_dragging' is not defined           no-undef
  1731:26   warning  'is_connecting' is not defined         no-undef
  1735:9    warning  'is_dragging' is not defined           no-undef
  1735:24   warning  'dragging_chip' is not defined         no-undef
  1739:9    warning  'start_x' is not defined               no-undef
  1739:19   warning  'start_x' is not defined               no-undef
  1740:9    warning  'start_y' is not defined               no-undef
  1740:19   warning  'start_y' is not defined               no-undef
  1741:16   warning  'is_dragging' is not defined           no-undef
  1741:31   warning  'dragging_component' is not defined    no-undef
  1742:13   warning  'dx' is already defined                no-redeclare
  1743:13   warning  'dy' is already defined                no-redeclare
  1745:9    warning  'start_x' is not defined               no-undef
  1745:19   warning  'start_x' is not defined               no-undef
  1746:9    warning  'start_y' is not defined               no-undef
  1746:19   warning  'start_y' is not defined               no-undef
  1747:16   warning  'is_dragging' is not defined           no-undef
  1747:31   warning  'dragging_bit' is not defined          no-undef
  1748:13   warning  'dx' is already defined                no-redeclare
  1749:13   warning  'dy' is already defined                no-redeclare
  1751:9    warning  'start_x' is not defined               no-undef
  1751:19   warning  'start_x' is not defined               no-undef
  1752:9    warning  'start_y' is not defined               no-undef
  1752:19   warning  'start_y' is not defined               no-undef
  1753:16   warning  'is_dragging' is not defined           no-undef
  1753:31   warning  'dragging_clock' is not defined        no-undef
  1754:13   warning  'dx' is already defined                no-redeclare
  1755:13   warning  'dy' is already defined                no-redeclare
  1757:9    warning  'start_x' is not defined               no-undef
  1757:19   warning  'start_x' is not defined               no-undef
  1758:9    warning  'start_y' is not defined               no-undef
  1758:19   warning  'start_y' is not defined               no-undef
  1773:22   warning  'drag_chip_index' is not defined       no-undef
  1774:22   warning  'drag_chip_index' is not defined       no-undef
  1776:22   warning  'drag_chip_index' is not defined       no-undef
  1781:27   warning  'drag_comp_index' is not defined       no-undef
  1782:27   warning  'drag_comp_index' is not defined       no-undef
  1784:27   warning  'drag_comp_index' is not defined       no-undef
  1806:35   warning  'available_id' is not defined          no-undef
  1806:62   warning  'init_x' is not defined                no-undef
  1806:70   warning  'init_y' is not defined                no-undef
  1807:5    warning  'available_id' is not defined          no-undef
  1807:20   warning  'available_id' is not defined          no-undef
  1812:1    warning  '$' is not defined                     no-undef
  1813:5    warning  '$' is not defined                     no-undef
  1843:30   warning  'available_id' is not defined          no-undef
  1843:44   warning  'init_x' is not defined                no-undef
  1843:52   warning  'init_y' is not defined                no-undef
  1844:9    warning  'available_id' is not defined          no-undef
  1844:24   warning  'available_id' is not defined          no-undef
  1848:5    warning  '$' is not defined                     no-undef
  1851:30   warning  'init_x' is not defined                no-undef
  1851:38   warning  'init_y' is not defined                no-undef
  1854:31   warning  'init_x' is not defined                no-undef
  1854:39   warning  'init_y' is not defined                no-undef
  1859:5    warning  '$' is not defined                     no-undef
  1860:20   warning  '$' is not defined                     no-undef
  1861:19   warning  '$' is not defined                     no-undef
  1867:35   warning  'available_id' is not defined          no-undef
  1867:49   warning  'init_x' is not defined                no-undef
  1867:57   warning  'init_y' is not defined                no-undef
  1868:13   warning  'available_id' is not defined          no-undef
  1868:28   warning  'available_id' is not defined          no-undef
  1874:5    warning  '$' is not defined                     no-undef
  1875:9    warning  'demo' is not defined                  no-undef
  1928:5    warning  '$' is not defined                     no-undef
  1929:22   warning  '$' is not defined                     no-undef
  1958:5    warning  '$' is not defined                     no-undef
  1959:23   warning  'low_clock' is not defined             no-undef
  1960:23   warning  'high_clock' is not defined            no-undef
  1962:5    warning  '$' is not defined                     no-undef
  1963:9    warning  'stop_simulation_flag' is not defined  no-undef
  1968:5    warning  '$' is not defined                     no-undef
  1969:9    warning  'stop_simulation_flag' is not defined  no-undef
  1971:5    warning  '$' is not defined                     no-undef
  1972:20   warning  '$' is not defined                     no-undef
  1973:24   warning  '$' is not defined                     no-undef
  1976:5    warning  '$' is not defined                     no-undef

/home/runner/work/exp-parity-checker-iitkgp/exp-parity-checker-iitkgp/experiment/simulation/js/jquery-3.4.1.js
     18:44  warning  'module' is not defined                                                    no-undef
     27:3   warning  'module' is not defined                                                    no-undef
    138:11  warning  'Symbol' is already defined as a built-in global variable                  no-redeclare
    668:15  warning  Unexpected control character(s) in regular expression: \x1f, \x1f          no-control-regex
    723:39  warning  Empty block statement                                                      no-empty
   1919:28  warning  Do not access Object.prototype method 'hasOwnProperty' from target object  no-prototype-builtins
   2830:2   warning  Unnecessary semicolon                                                      no-extra-semi
   2831:31  warning  Unnecessary escape character: \/                                           no-useless-escape
   3132:55  warning  Empty block statement                                                      no-empty
   4233:18  warning  Empty block statement                                                      no-empty
   4716:28  warning  Unnecessary escape character: \/                                           no-useless-escape
   4932:18  warning  Empty block statement                                                      no-empty
   5777:75  warning  Unnecessary escape character: \/                                           no-useless-escape
   6171:19  warning  Empty block statement                                                      no-empty
   9288:22  warning  'urlAnchor.href' is assigned to itself                                     no-self-assign
   9698:16  warning  Empty block statement                                                      no-empty
  10558:38  warning  'define' is not defined                                                    no-undef
  10559:2   warning  'define' is not defined                                                    no-undef

✖ 499 problems (0 errors, 499 warnings)
  0 errors and 2 warnings potentially fixable with the `--fix` option.

